<?xml version="1.0" encoding="UTF-8" ?>
<testsuite tests="1" failures="1" name="TestSuite" time="78.15" errors="0" skipped="0">
  <properties>
    <property name="java.runtime.name" value="Java(TM) SE Runtime Environment"/>
    <property name="sun.boot.library.path" value="/Library/Java/JavaVirtualMachines/jdk1.8.0_202.jdk/Contents/Home/jre/lib"/>
    <property name="java.vm.version" value="25.202-b08"/>
    <property name="gopherProxySet" value="false"/>
    <property name="java.vm.vendor" value="Oracle Corporation"/>
    <property name="java.vendor.url" value="http://java.oracle.com/"/>
    <property name="path.separator" value=":"/>
    <property name="java.vm.name" value="Java HotSpot(TM) 64-Bit Server VM"/>
    <property name="file.encoding.pkg" value="sun.io"/>
    <property name="user.country" value="CN"/>
    <property name="sun.java.launcher" value="SUN_STANDARD"/>
    <property name="sun.os.patch.level" value="unknown"/>
    <property name="java.vm.specification.name" value="Java Virtual Machine Specification"/>
    <property name="user.dir" value="/Users/admin/Desktop/last-auto/autotest/example-important"/>
    <property name="java.runtime.version" value="1.8.0_202-b08"/>
    <property name="java.awt.graphicsenv" value="sun.awt.CGraphicsEnvironment"/>
    <property name="basedir" value="/Users/admin/Desktop/last-auto/autotest/example-important"/>
    <property name="java.endorsed.dirs" value="/Library/Java/JavaVirtualMachines/jdk1.8.0_202.jdk/Contents/Home/jre/lib/endorsed"/>
    <property name="os.arch" value="x86_64"/>
    <property name="surefire.real.class.path" value="/Users/admin/Desktop/last-auto/autotest/example-important/target/surefire/surefirebooter1569174691708041023.jar"/>
    <property name="java.io.tmpdir" value="/var/folders/p4/089lj_7n6yz9xj_hby8bj8v00000gn/T/"/>
    <property name="line.separator" value="
"/>
    <property name="java.vm.specification.vendor" value="Oracle Corporation"/>
    <property name="os.name" value="Mac OS X"/>
    <property name="sun.jnu.encoding" value="UTF-8"/>
    <property name="java.library.path" value="/Users/admin/Library/Java/Extensions:/Library/Java/Extensions:/Network/Library/Java/Extensions:/System/Library/Java/Extensions:/usr/lib/java:."/>
    <property name="surefire.test.class.path" value="/Users/admin/Desktop/last-auto/autotest/example-important/target/test-classes:/Users/admin/Desktop/last-auto/autotest/example-important/target/classes:/Users/admin/.m2/repository/org/apache/httpcomponents/httpclient/4.1.2/httpclient-4.1.2.jar:/Users/admin/.m2/repository/org/apache/httpcomponents/httpcore/4.4.14/httpcore-4.4.14.jar:/Users/admin/.m2/repository/commons-codec/commons-codec/1.14/commons-codec-1.14.jar:/Users/admin/.m2/repository/org/json/json/20170516/json-20170516.jar:/Users/admin/.m2/repository/org/mybatis/mybatis/3.4.4/mybatis-3.4.4.jar:/Users/admin/.m2/repository/mysql/mysql-connector-java/5.1.6/mysql-connector-java-5.1.6.jar:/Users/admin/.m2/repository/org/projectlombok/lombok/1.16.14/lombok-1.16.14.jar:/Users/admin/.m2/repository/com/relevantcodes/extentreports/2.41.1/extentreports-2.41.1.jar:/Users/admin/.m2/repository/org/jsoup/jsoup/1.8.3/jsoup-1.8.3.jar:/Users/admin/.m2/repository/org/xerial/sqlite-jdbc/3.31.1/sqlite-jdbc-3.31.1.jar:/Users/admin/.m2/repository/org/freemarker/freemarker/2.3.31/freemarker-2.3.31.jar:/Users/admin/.m2/repository/org/mongodb/mongodb-driver/3.0.4/mongodb-driver-3.0.4.jar:/Users/admin/.m2/repository/org/mongodb/bson/4.0.6/bson-4.0.6.jar:/Users/admin/.m2/repository/org/mongodb/mongodb-driver-core/4.0.6/mongodb-driver-core-4.0.6.jar:/Users/admin/.m2/repository/com/vimalselvam/testng-extentsreport/1.3.1/testng-extentsreport-1.3.1.jar:/Users/admin/.m2/repository/com/google/guava/guava/20.0/guava-20.0.jar:/Users/admin/.m2/repository/com/aventstack/extentreports/3.0.6/extentreports-3.0.6.jar:/Users/admin/.m2/repository/org/apache/httpcomponents/httpmime/4.5.13/httpmime-4.5.13.jar:/Users/admin/.m2/repository/net/sourceforge/javacsv/javacsv/2.0/javacsv-2.0.jar:/Users/admin/.m2/repository/commons-logging/commons-logging/1.2/commons-logging-1.2.jar:/Users/admin/.m2/repository/org/testng/testng/6.10/testng-6.10.jar:/Users/admin/.m2/repository/com/beust/jcommander/1.48/jcommander-1.48.jar:"/>
    <property name="java.specification.name" value="Java Platform API Specification"/>
    <property name="java.class.version" value="52.0"/>
    <property name="sun.management.compiler" value="HotSpot 64-Bit Tiered Compilers"/>
    <property name="os.version" value="10.16"/>
    <property name="http.nonProxyHosts" value="local|*.local|169.254/16|*.169.254/16"/>
    <property name="user.home" value="/Users/admin"/>
    <property name="user.timezone" value="Asia/Shanghai"/>
    <property name="java.awt.printerjob" value="sun.lwawt.macosx.CPrinterJob"/>
    <property name="java.specification.version" value="1.8"/>
    <property name="file.encoding" value="UTF-8"/>
    <property name="user.name" value="admin"/>
    <property name="java.class.path" value="/Users/admin/Desktop/last-auto/autotest/example-important/target/test-classes:/Users/admin/Desktop/last-auto/autotest/example-important/target/classes:/Users/admin/.m2/repository/org/apache/httpcomponents/httpclient/4.1.2/httpclient-4.1.2.jar:/Users/admin/.m2/repository/org/apache/httpcomponents/httpcore/4.4.14/httpcore-4.4.14.jar:/Users/admin/.m2/repository/commons-codec/commons-codec/1.14/commons-codec-1.14.jar:/Users/admin/.m2/repository/org/json/json/20170516/json-20170516.jar:/Users/admin/.m2/repository/org/mybatis/mybatis/3.4.4/mybatis-3.4.4.jar:/Users/admin/.m2/repository/mysql/mysql-connector-java/5.1.6/mysql-connector-java-5.1.6.jar:/Users/admin/.m2/repository/org/projectlombok/lombok/1.16.14/lombok-1.16.14.jar:/Users/admin/.m2/repository/com/relevantcodes/extentreports/2.41.1/extentreports-2.41.1.jar:/Users/admin/.m2/repository/org/jsoup/jsoup/1.8.3/jsoup-1.8.3.jar:/Users/admin/.m2/repository/org/xerial/sqlite-jdbc/3.31.1/sqlite-jdbc-3.31.1.jar:/Users/admin/.m2/repository/org/freemarker/freemarker/2.3.31/freemarker-2.3.31.jar:/Users/admin/.m2/repository/org/mongodb/mongodb-driver/3.0.4/mongodb-driver-3.0.4.jar:/Users/admin/.m2/repository/org/mongodb/bson/4.0.6/bson-4.0.6.jar:/Users/admin/.m2/repository/org/mongodb/mongodb-driver-core/4.0.6/mongodb-driver-core-4.0.6.jar:/Users/admin/.m2/repository/com/vimalselvam/testng-extentsreport/1.3.1/testng-extentsreport-1.3.1.jar:/Users/admin/.m2/repository/com/google/guava/guava/20.0/guava-20.0.jar:/Users/admin/.m2/repository/com/aventstack/extentreports/3.0.6/extentreports-3.0.6.jar:/Users/admin/.m2/repository/org/apache/httpcomponents/httpmime/4.5.13/httpmime-4.5.13.jar:/Users/admin/.m2/repository/net/sourceforge/javacsv/javacsv/2.0/javacsv-2.0.jar:/Users/admin/.m2/repository/commons-logging/commons-logging/1.2/commons-logging-1.2.jar:/Users/admin/.m2/repository/org/testng/testng/6.10/testng-6.10.jar:/Users/admin/.m2/repository/com/beust/jcommander/1.48/jcommander-1.48.jar:"/>
    <property name="java.vm.specification.version" value="1.8"/>
    <property name="sun.arch.data.model" value="64"/>
    <property name="java.home" value="/Library/Java/JavaVirtualMachines/jdk1.8.0_202.jdk/Contents/Home/jre"/>
    <property name="sun.java.command" value="/Users/admin/Desktop/last-auto/autotest/example-important/target/surefire/surefirebooter1569174691708041023.jar /Users/admin/Desktop/last-auto/autotest/example-important/target/surefire/surefire6845026573551780529tmp /Users/admin/Desktop/last-auto/autotest/example-important/target/surefire/surefire9168091386986958430tmp"/>
    <property name="java.specification.vendor" value="Oracle Corporation"/>
    <property name="user.language" value="zh"/>
    <property name="awt.toolkit" value="sun.lwawt.macosx.LWCToolkit"/>
    <property name="java.vm.info" value="mixed mode"/>
    <property name="java.version" value="1.8.0_202"/>
    <property name="java.ext.dirs" value="/Users/admin/Library/Java/Extensions:/Library/Java/JavaVirtualMachines/jdk1.8.0_202.jdk/Contents/Home/jre/lib/ext:/Library/Java/Extensions:/Network/Library/Java/Extensions:/System/Library/Java/Extensions:/usr/lib/java"/>
    <property name="sun.boot.class.path" value="/Library/Java/JavaVirtualMachines/jdk1.8.0_202.jdk/Contents/Home/jre/lib/resources.jar:/Library/Java/JavaVirtualMachines/jdk1.8.0_202.jdk/Contents/Home/jre/lib/rt.jar:/Library/Java/JavaVirtualMachines/jdk1.8.0_202.jdk/Contents/Home/jre/lib/sunrsasign.jar:/Library/Java/JavaVirtualMachines/jdk1.8.0_202.jdk/Contents/Home/jre/lib/jsse.jar:/Library/Java/JavaVirtualMachines/jdk1.8.0_202.jdk/Contents/Home/jre/lib/jce.jar:/Library/Java/JavaVirtualMachines/jdk1.8.0_202.jdk/Contents/Home/jre/lib/charsets.jar:/Library/Java/JavaVirtualMachines/jdk1.8.0_202.jdk/Contents/Home/jre/lib/jfr.jar:/Library/Java/JavaVirtualMachines/jdk1.8.0_202.jdk/Contents/Home/jre/classes"/>
    <property name="java.vendor" value="Oracle Corporation"/>
    <property name="localRepository" value="/Users/admin/.m2/repository"/>
    <property name="file.separator" value="/"/>
    <property name="java.vendor.url.bug" value="http://bugreport.sun.com/bugreport/"/>
    <property name="sun.cpu.endian" value="little"/>
    <property name="sun.io.unicode.encoding" value="UnicodeBig"/>
    <property name="socksNonProxyHosts" value="local|*.local|169.254/16|*.169.254/16"/>
    <property name="ftp.nonProxyHosts" value="local|*.local|169.254/16|*.169.254/16"/>
    <property name="sun.cpu.isalist" value=""/>
  </properties>
  <testcase classname="com.tester.cases.LoginTest" name="loginTrue" time="76.687">
    <failure message="Connection to http://localhost:8888 refused" type="org.apache.http.conn.HttpHostConnectException">org.apache.http.conn.HttpHostConnectException: Connection to http://localhost:8888 refused
	at org.apache.http.impl.conn.DefaultClientConnectionOperator.openConnection(DefaultClientConnectionOperator.java:158)
	at org.apache.http.impl.conn.AbstractPoolEntry.open(AbstractPoolEntry.java:149)
	at org.apache.http.impl.conn.AbstractPooledConnAdapter.open(AbstractPooledConnAdapter.java:121)
	at org.apache.http.impl.client.DefaultRequestDirector.tryConnect(DefaultRequestDirector.java:573)
	at org.apache.http.impl.client.DefaultRequestDirector.execute(DefaultRequestDirector.java:425)
	at org.apache.http.impl.client.AbstractHttpClient.execute(AbstractHttpClient.java:820)
	at org.apache.http.impl.client.AbstractHttpClient.execute(AbstractHttpClient.java:754)
	at org.apache.http.impl.client.AbstractHttpClient.execute(AbstractHttpClient.java:732)
	at com.tester.cases.LoginTest.loginTrue(LoginTest.java:67)
Caused by: java.net.ConnectException: Operation timed out (Connection timed out)
	at java.net.PlainSocketImpl.socketConnect(Native Method)
	at java.net.AbstractPlainSocketImpl.doConnect(AbstractPlainSocketImpl.java:350)
	at java.net.AbstractPlainSocketImpl.connectToAddress(AbstractPlainSocketImpl.java:206)
	at java.net.AbstractPlainSocketImpl.connect(AbstractPlainSocketImpl.java:188)
	at java.net.SocksSocketImpl.connect(SocksSocketImpl.java:392)
	at java.net.Socket.connect(Socket.java:589)
	at org.apache.http.conn.scheme.PlainSocketFactory.connectSocket(PlainSocketFactory.java:123)
	at org.apache.http.impl.conn.DefaultClientConnectionOperator.openConnection(DefaultClientConnectionOperator.java:148)
	... 42 more
</failure>
    <system-out>@HL
@HL-------------------------------------------------------
@HL T E S T S
@HL-------------------------------------------------------
@SLRunning TestSuite
[TestNGContentHandler] [WARN] It is strongly recommended to add &quot;&lt;!DOCTYPE suite SYSTEM &quot;http://testng.org/testng-1.0.dtd&quot; &gt;&quot; at the top of your file, otherwise TestNG may fail or not work as expected.
{&quot;password&quot;:&quot;123456&quot;,&quot;name&quot;:&quot;zhangsan&quot;}
</system-out>
  </testcase>
</testsuite>